{
  "RSpec": {
    "coverage": {
      "/home/vboxuser/railsacademy/app/models/user.rb": {
        "lines": [
          1,
          null,
          null,
          1,
          null,
          null
        ]
      },
      "/home/vboxuser/railsacademy/app/models/application_record.rb": {
        "lines": [
          1,
          1,
          null
        ]
      },
      "/home/vboxuser/railsacademy/app/helpers/application_helper.rb": {
        "lines": [
          1,
          null
        ]
      },
      "/home/vboxuser/railsacademy/app/helpers/news_helper.rb": {
        "lines": [
          1,
          null
        ]
      },
      "/home/vboxuser/railsacademy/app/helpers/post_helper.rb": {
        "lines": [
          1,
          null
        ]
      },
      "/home/vboxuser/railsacademy/app/helpers/user_helper.rb": {
        "lines": [
          1,
          null
        ]
      },
      "/home/vboxuser/railsacademy/app/controllers/news_controller.rb": {
        "lines": [
          1,
          null,
          1,
          null,
          null,
          null,
          null,
          null,
          null,
          null,
          null,
          null,
          6,
          3,
          null,
          3,
          null,
          null,
          null
        ]
      },
      "/home/vboxuser/railsacademy/app/controllers/application_controller.rb": {
        "lines": [
          1,
          1,
          null,
          1,
          null,
          1,
          null,
          1,
          0,
          null,
          0,
          0,
          null,
          null,
          null
        ]
      },
      "/home/vboxuser/railsacademy/app/controllers/post_controller.rb": {
        "lines": [
          1,
          1,
          1,
          null,
          null,
          1,
          2,
          2,
          null,
          null,
          null,
          1,
          7,
          null,
          null,
          null,
          1,
          12,
          8,
          null,
          null,
          null,
          1,
          6,
          6,
          null,
          null,
          null,
          1,
          0,
          0,
          null,
          null,
          1,
          null,
          null,
          1,
          11,
          null,
          null
        ]
      },
      "/home/vboxuser/railsacademy/app/controllers/user_controller.rb": {
        "lines": [
          1,
          1,
          null,
          null,
          null,
          1,
          3,
          null,
          null,
          null,
          1,
          18,
          16,
          null,
          16,
          16,
          null,
          null,
          null,
          1,
          12,
          12,
          null,
          null,
          null,
          1,
          7,
          7,
          null,
          null,
          1,
          1,
          null,
          16,
          null,
          null,
          null,
          null,
          null,
          null,
          1,
          0,
          null,
          null
        ]
      },
      "/home/vboxuser/railsacademy/app/models/comment.rb": {
        "lines": [
          1,
          1,
          null,
          null,
          1,
          5,
          null,
          null
        ]
      },
      "/home/vboxuser/railsacademy/app/models/follower.rb": {
        "lines": [
          1,
          1,
          1,
          null,
          null,
          1,
          17,
          null,
          null,
          null,
          1,
          17,
          null,
          null,
          null,
          1,
          13,
          null,
          null
        ]
      },
      "/home/vboxuser/railsacademy/app/models/like.rb": {
        "lines": [
          1,
          1,
          null,
          null,
          1,
          3,
          null,
          null,
          null,
          1,
          7,
          null,
          null,
          null,
          1,
          23,
          null,
          null,
          null,
          1,
          6,
          null,
          null
        ]
      },
      "/home/vboxuser/railsacademy/app/models/post.rb": {
        "lines": [
          1,
          1,
          1,
          null,
          null,
          1,
          10,
          10,
          null,
          null,
          null,
          1,
          3,
          null,
          null,
          null,
          1,
          25,
          null,
          null
        ]
      },
      "/home/vboxuser/railsacademy/app/uploaders/postimg_uploader.rb": {
        "lines": [
          1,
          null,
          null,
          null,
          null,
          null,
          1,
          null,
          null,
          null,
          null,
          1,
          20,
          null,
          null,
          null,
          null,
          null,
          null,
          null,
          null,
          null,
          null,
          null,
          null,
          null,
          null,
          null,
          null,
          null,
          null,
          null,
          null,
          null,
          null,
          null,
          null,
          null,
          null,
          null,
          null,
          null,
          null,
          null,
          null,
          null,
          null
        ]
      },
      "/home/vboxuser/railsacademy/app/channels/application_cable/channel.rb": {
        "lines": [
          0,
          0,
          0,
          0
        ],
        "branches": {
        }
      },
      "/home/vboxuser/railsacademy/app/channels/application_cable/connection.rb": {
        "lines": [
          0,
          0,
          0,
          0
        ],
        "branches": {
        }
      },
      "/home/vboxuser/railsacademy/app/jobs/application_job.rb": {
        "lines": [
          0,
          null,
          null,
          null,
          null,
          null,
          0
        ],
        "branches": {
        }
      },
      "/home/vboxuser/railsacademy/app/mailers/application_mailer.rb": {
        "lines": [
          0,
          0,
          0,
          0
        ],
        "branches": {
        }
      }
    },
    "timestamp": 1689284872
  }
}
